{"/home/st111/TASTIFY-WEB/server/src/index.ts": {"path":"/home/st111/TASTIFY-WEB/server/src/index.ts","statementMap":{"0":{"start":{"line":1,"column":0},"end":{"line":1,"column":30}},"1":{"start":{"line":2,"column":0},"end":{"line":2,"column":32}},"2":{"start":{"line":3,"column":0},"end":{"line":3,"column":28}},"3":{"start":{"line":4,"column":0},"end":{"line":4,"column":24}},"4":{"start":{"line":5,"column":0},"end":{"line":5,"column":20}},"5":{"start":{"line":6,"column":0},"end":{"line":6,"column":24}},"6":{"start":{"line":7,"column":0},"end":{"line":7,"column":24}},"7":{"start":{"line":8,"column":0},"end":{"line":8,"column":26}},"8":{"start":{"line":10,"column":0},"end":{"line":10,"column":46}},"9":{"start":{"line":11,"column":0},"end":{"line":11,"column":46}},"10":{"start":{"line":12,"column":0},"end":{"line":12,"column":46}},"11":{"start":{"line":13,"column":0},"end":{"line":13,"column":52}},"12":{"start":{"line":14,"column":0},"end":{"line":14,"column":43}},"13":{"start":{"line":15,"column":0},"end":{"line":15,"column":36}},"14":{"start":{"line":18,"column":0},"end":{"line":22,"column":1}},"15":{"start":{"line":19,"column":2},"end":{"line":19,"column":39}},"16":{"start":{"line":21,"column":2},"end":{"line":21,"column":18}},"17":{"start":{"line":24,"column":12},"end":{"line":24,"column":21}},"18":{"start":{"line":27,"column":0},"end":{"line":30,"column":4}},"19":{"start":{"line":31,"column":0},"end":{"line":31,"column":24}},"20":{"start":{"line":34,"column":0},"end":{"line":34,"column":33}},"21":{"start":{"line":35,"column":0},"end":{"line":35,"column":34}},"22":{"start":{"line":36,"column":0},"end":{"line":36,"column":34}},"23":{"start":{"line":37,"column":0},"end":{"line":37,"column":40}},"24":{"start":{"line":38,"column":0},"end":{"line":38,"column":73}},"25":{"start":{"line":39,"column":0},"end":{"line":39,"column":68}},"26":{"start":{"line":42,"column":0},"end":{"line":44,"column":67}},"27":{"start":{"line":43,"column":14},"end":{"line":43,"column":51}},"28":{"start":{"line":44,"column":16},"end":{"line":44,"column":65}},"29":{"start":{"line":47,"column":0},"end":{"line":69,"column":1}},"30":{"start":{"line":48,"column":20},"end":{"line":48,"column":62}},"31":{"start":{"line":49,"column":2},"end":{"line":49,"column":37}},"32":{"start":{"line":51,"column":2},"end":{"line":53,"column":5}},"33":{"start":{"line":52,"column":4},"end":{"line":52,"column":53}},"34":{"start":{"line":55,"column":18},"end":{"line":58,"column":4}},"35":{"start":{"line":60,"column":15},"end":{"line":60,"column":44}},"36":{"start":{"line":61,"column":2},"end":{"line":63,"column":5}},"37":{"start":{"line":62,"column":4},"end":{"line":62,"column":59}},"38":{"start":{"line":64,"column":7},"end":{"line":69,"column":1}},"39":{"start":{"line":65,"column":15},"end":{"line":65,"column":39}},"40":{"start":{"line":66,"column":2},"end":{"line":68,"column":5}},"41":{"start":{"line":67,"column":4},"end":{"line":67,"column":58}},"42":{"start":{"line":71,"column":0},"end":{"line":71,"column":19}}},"fnMap":{"0":{"name":"(anonymous_1)","decl":{"start":{"line":43,"column":8},"end":{"line":43,"column":11}},"loc":{"start":{"line":43,"column":14},"end":{"line":43,"column":51}}},"1":{"name":"(anonymous_2)","decl":{"start":{"line":44,"column":9},"end":{"line":44,"column":12}},"loc":{"start":{"line":44,"column":16},"end":{"line":44,"column":65}}},"2":{"name":"(anonymous_3)","decl":{"start":{"line":51,"column":15},"end":{"line":51,"column":16}},"loc":{"start":{"line":51,"column":28},"end":{"line":53,"column":3}}},"3":{"name":"(anonymous_4)","decl":{"start":{"line":61,"column":48},"end":{"line":61,"column":51}},"loc":{"start":{"line":61,"column":53},"end":{"line":63,"column":3}}},"4":{"name":"(anonymous_5)","decl":{"start":{"line":66,"column":38},"end":{"line":66,"column":41}},"loc":{"start":{"line":66,"column":43},"end":{"line":68,"column":3}}}},"branchMap":{"0":{"loc":{"start":{"line":18,"column":0},"end":{"line":22,"column":1}},"type":"if","locations":[{"start":{"line":18,"column":0},"end":{"line":22,"column":1}},{"start":{"line":20,"column":7},"end":{"line":22,"column":1}}]},"1":{"loc":{"start":{"line":28,"column":10},"end":{"line":28,"column":60}},"type":"binary-expr","locations":[{"start":{"line":28,"column":10},"end":{"line":28,"column":33}},{"start":{"line":28,"column":37},"end":{"line":28,"column":60}}]},"2":{"loc":{"start":{"line":47,"column":0},"end":{"line":69,"column":1}},"type":"if","locations":[{"start":{"line":47,"column":0},"end":{"line":69,"column":1}},{"start":{"line":64,"column":7},"end":{"line":69,"column":1}}]},"3":{"loc":{"start":{"line":47,"column":4},"end":{"line":47,"column":72}},"type":"binary-expr","locations":[{"start":{"line":47,"column":4},"end":{"line":47,"column":41}},{"start":{"line":47,"column":45},"end":{"line":47,"column":72}}]},"4":{"loc":{"start":{"line":60,"column":15},"end":{"line":60,"column":44}},"type":"binary-expr","locations":[{"start":{"line":60,"column":15},"end":{"line":60,"column":37}},{"start":{"line":60,"column":41},"end":{"line":60,"column":44}}]},"5":{"loc":{"start":{"line":64,"column":7},"end":{"line":69,"column":1}},"type":"if","locations":[{"start":{"line":64,"column":7},"end":{"line":69,"column":1}}]},"6":{"loc":{"start":{"line":65,"column":15},"end":{"line":65,"column":39}},"type":"binary-expr","locations":[{"start":{"line":65,"column":15},"end":{"line":65,"column":31}},{"start":{"line":65,"column":35},"end":{"line":65,"column":39}}]}},"s":{"0":3,"1":3,"2":3,"3":3,"4":3,"5":3,"6":3,"7":3,"8":3,"9":3,"10":3,"11":3,"12":3,"13":3,"14":3,"15":0,"16":3,"17":3,"18":3,"19":3,"20":3,"21":3,"22":3,"23":3,"24":3,"25":3,"26":3,"27":3,"28":0,"29":3,"30":3,"31":3,"32":3,"33":0,"34":3,"35":3,"36":3,"37":0,"38":0,"39":0,"40":0,"41":0,"42":3},"f":{"0":3,"1":0,"2":0,"3":0,"4":0},"b":{"0":[0,3],"1":[3,0],"2":[3,0],"3":[3,3],"4":[3,0],"5":[0],"6":[0,0]}}
,"/home/st111/TASTIFY-WEB/server/src/swagger.ts": {"path":"/home/st111/TASTIFY-WEB/server/src/swagger.ts","statementMap":{"0":{"start":{"line":1,"column":0},"end":{"line":1,"column":41}},"1":{"start":{"line":3,"column":38},"end":{"line":24,"column":2}},"2":{"start":{"line":26,"column":20},"end":{"line":26,"column":41}},"3":{"start":{"line":27,"column":0},"end":{"line":27,"column":27}}},"fnMap":{},"branchMap":{},"s":{"0":3,"1":3,"2":3,"3":3},"f":{},"b":{}}
,"/home/st111/TASTIFY-WEB/server/src/config/jwt.ts": {"path":"/home/st111/TASTIFY-WEB/server/src/config/jwt.ts","statementMap":{"0":{"start":{"line":1,"column":0},"end":{"line":1,"column":31}},"1":{"start":{"line":3,"column":28},"end":{"line":3,"column":68}},"2":{"start":{"line":4,"column":29},"end":{"line":4,"column":78}},"3":{"start":{"line":6,"column":35},"end":{"line":8,"column":1}},"4":{"start":{"line":7,"column":2},"end":{"line":7,"column":76}},"5":{"start":{"line":6,"column":13},"end":{"line":6,"column":35}},"6":{"start":{"line":10,"column":36},"end":{"line":12,"column":1}},"7":{"start":{"line":11,"column":2},"end":{"line":11,"column":77}},"8":{"start":{"line":10,"column":13},"end":{"line":10,"column":36}},"9":{"start":{"line":14,"column":34},"end":{"line":21,"column":1}},"10":{"start":{"line":15,"column":2},"end":{"line":20,"column":3}},"11":{"start":{"line":16,"column":20},"end":{"line":16,"column":77}},"12":{"start":{"line":17,"column":4},"end":{"line":17,"column":22}},"13":{"start":{"line":19,"column":4},"end":{"line":19,"column":16}},"14":{"start":{"line":14,"column":13},"end":{"line":14,"column":34}}},"fnMap":{"0":{"name":"(anonymous_1)","decl":{"start":{"line":6,"column":35},"end":{"line":6,"column":36}},"loc":{"start":{"line":6,"column":54},"end":{"line":8,"column":1}}},"1":{"name":"(anonymous_2)","decl":{"start":{"line":10,"column":36},"end":{"line":10,"column":37}},"loc":{"start":{"line":10,"column":55},"end":{"line":12,"column":1}}},"2":{"name":"(anonymous_3)","decl":{"start":{"line":14,"column":34},"end":{"line":14,"column":35}},"loc":{"start":{"line":14,"column":67},"end":{"line":21,"column":1}}}},"branchMap":{"0":{"loc":{"start":{"line":3,"column":28},"end":{"line":3,"column":68}},"type":"binary-expr","locations":[{"start":{"line":3,"column":28},"end":{"line":3,"column":50}},{"start":{"line":3,"column":54},"end":{"line":3,"column":68}}]},"1":{"loc":{"start":{"line":4,"column":29},"end":{"line":4,"column":78}},"type":"binary-expr","locations":[{"start":{"line":4,"column":29},"end":{"line":4,"column":59}},{"start":{"line":4,"column":63},"end":{"line":4,"column":78}}]}},"s":{"0":3,"1":3,"2":3,"3":3,"4":14,"5":3,"6":3,"7":14,"8":3,"9":3,"10":0,"11":0,"12":0,"13":0,"14":3},"f":{"0":14,"1":14,"2":0},"b":{"0":[3,3],"1":[3,3]}}
,"/home/st111/TASTIFY-WEB/server/src/controllers/auth.controller.ts": {"path":"/home/st111/TASTIFY-WEB/server/src/controllers/auth.controller.ts","statementMap":{"0":{"start":{"line":2,"column":0},"end":{"line":2,"column":28}},"1":{"start":{"line":4,"column":0},"end":{"line":4,"column":34}},"2":{"start":{"line":5,"column":0},"end":{"line":5,"column":94}},"3":{"start":{"line":6,"column":0},"end":{"line":6,"column":51}},"4":{"start":{"line":8,"column":15},"end":{"line":8,"column":61}},"5":{"start":{"line":10,"column":27},"end":{"line":60,"column":2}},"6":{"start":{"line":10,"column":80},"end":{"line":60,"column":2}},"7":{"start":{"line":11,"column":22},"end":{"line":11,"column":30}},"8":{"start":{"line":13,"column":2},"end":{"line":59,"column":3}},"9":{"start":{"line":14,"column":19},"end":{"line":17,"column":6}},"10":{"start":{"line":19,"column":20},"end":{"line":19,"column":39}},"11":{"start":{"line":21,"column":4},"end":{"line":24,"column":5}},"12":{"start":{"line":22,"column":6},"end":{"line":22,"column":57}},"13":{"start":{"line":23,"column":6},"end":{"line":23,"column":13}},"14":{"start":{"line":26,"column":52},"end":{"line":26,"column":59}},"15":{"start":{"line":28,"column":15},"end":{"line":28,"column":44}},"16":{"start":{"line":30,"column":4},"end":{"line":39,"column":5}},"17":{"start":{"line":31,"column":6},"end":{"line":38,"column":9}},"18":{"start":{"line":41,"column":24},"end":{"line":41,"column":64}},"19":{"start":{"line":42,"column":25},"end":{"line":42,"column":66}},"20":{"start":{"line":44,"column":4},"end":{"line":55,"column":7}},"21":{"start":{"line":57,"column":4},"end":{"line":57,"column":48}},"22":{"start":{"line":58,"column":4},"end":{"line":58,"column":70}},"23":{"start":{"line":10,"column":13},"end":{"line":10,"column":27}},"24":{"start":{"line":62,"column":24},"end":{"line":93,"column":2}},"25":{"start":{"line":62,"column":77},"end":{"line":93,"column":2}},"26":{"start":{"line":63,"column":61},"end":{"line":63,"column":69}},"27":{"start":{"line":64,"column":2},"end":{"line":92,"column":3}},"28":{"start":{"line":65,"column":21},"end":{"line":65,"column":50}},"29":{"start":{"line":66,"column":4},"end":{"line":69,"column":5}},"30":{"start":{"line":67,"column":6},"end":{"line":67,"column":59}},"31":{"start":{"line":68,"column":6},"end":{"line":68,"column":13}},"32":{"start":{"line":71,"column":19},"end":{"line":71,"column":50}},"33":{"start":{"line":72,"column":17},"end":{"line":72,"column":94}},"34":{"start":{"line":74,"column":24},"end":{"line":74,"column":64}},"35":{"start":{"line":75,"column":25},"end":{"line":75,"column":66}},"36":{"start":{"line":77,"column":4},"end":{"line":88,"column":7}},"37":{"start":{"line":90,"column":4},"end":{"line":90,"column":47}},"38":{"start":{"line":91,"column":4},"end":{"line":91,"column":50}},"39":{"start":{"line":62,"column":13},"end":{"line":62,"column":24}},"40":{"start":{"line":95,"column":21},"end":{"line":131,"column":2}},"41":{"start":{"line":95,"column":74},"end":{"line":131,"column":2}},"42":{"start":{"line":96,"column":30},"end":{"line":96,"column":38}},"43":{"start":{"line":98,"column":2},"end":{"line":130,"column":3}},"44":{"start":{"line":99,"column":17},"end":{"line":99,"column":46}},"45":{"start":{"line":100,"column":4},"end":{"line":103,"column":5}},"46":{"start":{"line":101,"column":6},"end":{"line":101,"column":69}},"47":{"start":{"line":102,"column":6},"end":{"line":102,"column":13}},"48":{"start":{"line":105,"column":20},"end":{"line":105,"column":65}},"49":{"start":{"line":106,"column":4},"end":{"line":109,"column":5}},"50":{"start":{"line":107,"column":6},"end":{"line":107,"column":69}},"51":{"start":{"line":108,"column":6},"end":{"line":108,"column":13}},"52":{"start":{"line":111,"column":24},"end":{"line":111,"column":64}},"53":{"start":{"line":112,"column":25},"end":{"line":112,"column":66}},"54":{"start":{"line":114,"column":4},"end":{"line":126,"column":7}},"55":{"start":{"line":128,"column":4},"end":{"line":128,"column":41}},"56":{"start":{"line":129,"column":4},"end":{"line":129,"column":54}},"57":{"start":{"line":95,"column":13},"end":{"line":95,"column":21}},"58":{"start":{"line":133,"column":28},"end":{"line":155,"column":2}},"59":{"start":{"line":133,"column":81},"end":{"line":155,"column":2}},"60":{"start":{"line":134,"column":27},"end":{"line":134,"column":35}},"61":{"start":{"line":136,"column":2},"end":{"line":139,"column":3}},"62":{"start":{"line":137,"column":4},"end":{"line":137,"column":67}},"63":{"start":{"line":138,"column":4},"end":{"line":138,"column":11}},"64":{"start":{"line":141,"column":2},"end":{"line":154,"column":3}},"65":{"start":{"line":142,"column":19},"end":{"line":142,"column":51}},"66":{"start":{"line":144,"column":4},"end":{"line":147,"column":5}},"67":{"start":{"line":145,"column":6},"end":{"line":145,"column":65}},"68":{"start":{"line":146,"column":6},"end":{"line":146,"column":13}},"69":{"start":{"line":149,"column":27},"end":{"line":149,"column":54}},"70":{"start":{"line":150,"column":4},"end":{"line":150,"column":58}},"71":{"start":{"line":152,"column":4},"end":{"line":152,"column":59}},"72":{"start":{"line":153,"column":4},"end":{"line":153,"column":54}},"73":{"start":{"line":133,"column":13},"end":{"line":133,"column":28}}},"fnMap":{"0":{"name":"(anonymous_8)","decl":{"start":{"line":10,"column":27},"end":{"line":10,"column":34}},"loc":{"start":{"line":10,"column":80},"end":{"line":60,"column":2}}},"1":{"name":"(anonymous_9)","decl":{"start":{"line":10,"column":80},"end":{"line":10,"column":null}},"loc":{"start":{"line":10,"column":80},"end":{"line":60,"column":1}}},"2":{"name":"(anonymous_10)","decl":{"start":{"line":62,"column":24},"end":{"line":62,"column":31}},"loc":{"start":{"line":62,"column":77},"end":{"line":93,"column":2}}},"3":{"name":"(anonymous_11)","decl":{"start":{"line":62,"column":77},"end":{"line":62,"column":null}},"loc":{"start":{"line":62,"column":77},"end":{"line":93,"column":1}}},"4":{"name":"(anonymous_12)","decl":{"start":{"line":95,"column":21},"end":{"line":95,"column":28}},"loc":{"start":{"line":95,"column":74},"end":{"line":131,"column":2}}},"5":{"name":"(anonymous_13)","decl":{"start":{"line":95,"column":74},"end":{"line":95,"column":null}},"loc":{"start":{"line":95,"column":74},"end":{"line":131,"column":1}}},"6":{"name":"(anonymous_14)","decl":{"start":{"line":133,"column":28},"end":{"line":133,"column":35}},"loc":{"start":{"line":133,"column":81},"end":{"line":155,"column":2}}},"7":{"name":"(anonymous_15)","decl":{"start":{"line":133,"column":81},"end":{"line":133,"column":null}},"loc":{"start":{"line":133,"column":81},"end":{"line":155,"column":1}}}},"branchMap":{"0":{"loc":{"start":{"line":21,"column":4},"end":{"line":24,"column":5}},"type":"if","locations":[{"start":{"line":21,"column":4},"end":{"line":24,"column":5}}]},"1":{"loc":{"start":{"line":21,"column":8},"end":{"line":21,"column":34}},"type":"binary-expr","locations":[{"start":{"line":21,"column":8},"end":{"line":21,"column":16}},{"start":{"line":21,"column":20},"end":{"line":21,"column":34}}]},"2":{"loc":{"start":{"line":30,"column":4},"end":{"line":39,"column":5}},"type":"if","locations":[{"start":{"line":30,"column":4},"end":{"line":39,"column":5}}]},"3":{"loc":{"start":{"line":36,"column":19},"end":{"line":36,"column":44}},"type":"binary-expr","locations":[{"start":{"line":36,"column":19},"end":{"line":36,"column":38}},{"start":{"line":36,"column":42},"end":{"line":36,"column":44}}]},"4":{"loc":{"start":{"line":36,"column":19},"end":{"line":36,"column":38}},"type":"cond-expr","locations":[{"start":{"line":36,"column":23},"end":{"line":36,"column":25}},{"start":{"line":36,"column":19},"end":{"line":36,"column":38}}]},"5":{"loc":{"start":{"line":36,"column":19},"end":{"line":36,"column":25}},"type":"binary-expr","locations":[{"start":{"line":36,"column":19},"end":{"line":36,"column":25}},{"start":{"line":36,"column":19},"end":{"line":36,"column":25}}]},"6":{"loc":{"start":{"line":37,"column":18},"end":{"line":37,"column":43}},"type":"binary-expr","locations":[{"start":{"line":37,"column":18},"end":{"line":37,"column":37}},{"start":{"line":37,"column":41},"end":{"line":37,"column":43}}]},"7":{"loc":{"start":{"line":37,"column":18},"end":{"line":37,"column":37}},"type":"cond-expr","locations":[{"start":{"line":37,"column":22},"end":{"line":37,"column":24}},{"start":{"line":37,"column":18},"end":{"line":37,"column":37}}]},"8":{"loc":{"start":{"line":37,"column":18},"end":{"line":37,"column":24}},"type":"binary-expr","locations":[{"start":{"line":37,"column":18},"end":{"line":37,"column":24}},{"start":{"line":37,"column":18},"end":{"line":37,"column":24}}]},"9":{"loc":{"start":{"line":66,"column":4},"end":{"line":69,"column":5}},"type":"if","locations":[{"start":{"line":66,"column":4},"end":{"line":69,"column":5}}]},"10":{"loc":{"start":{"line":100,"column":4},"end":{"line":103,"column":5}},"type":"if","locations":[{"start":{"line":100,"column":4},"end":{"line":103,"column":5}}]},"11":{"loc":{"start":{"line":106,"column":4},"end":{"line":109,"column":5}},"type":"if","locations":[{"start":{"line":106,"column":4},"end":{"line":109,"column":5}}]},"12":{"loc":{"start":{"line":136,"column":2},"end":{"line":139,"column":3}},"type":"if","locations":[{"start":{"line":136,"column":2},"end":{"line":139,"column":3}}]},"13":{"loc":{"start":{"line":144,"column":4},"end":{"line":147,"column":5}},"type":"if","locations":[{"start":{"line":144,"column":4},"end":{"line":147,"column":5}}]}},"s":{"0":3,"1":3,"2":3,"3":3,"4":3,"5":3,"6":0,"7":0,"8":0,"9":0,"10":0,"11":0,"12":0,"13":0,"14":0,"15":0,"16":0,"17":0,"18":0,"19":0,"20":0,"21":0,"22":0,"23":3,"24":3,"25":14,"26":14,"27":14,"28":14,"29":14,"30":1,"31":1,"32":13,"33":13,"34":13,"35":13,"36":13,"37":0,"38":0,"39":3,"40":3,"41":1,"42":1,"43":1,"44":1,"45":1,"46":0,"47":0,"48":1,"49":1,"50":0,"51":0,"52":1,"53":1,"54":1,"55":0,"56":0,"57":3,"58":3,"59":0,"60":0,"61":0,"62":0,"63":0,"64":0,"65":0,"66":0,"67":0,"68":0,"69":0,"70":0,"71":0,"72":0,"73":3},"f":{"0":0,"1":0,"2":14,"3":14,"4":1,"5":1,"6":0,"7":0},"b":{"0":[0],"1":[0,0],"2":[0],"3":[0,0],"4":[0,0],"5":[0,0],"6":[0,0],"7":[0,0],"8":[0,0],"9":[1],"10":[0],"11":[0],"12":[0],"13":[0]}}
,"/home/st111/TASTIFY-WEB/server/src/controllers/comment.controller.ts": {"path":"/home/st111/TASTIFY-WEB/server/src/controllers/comment.controller.ts","statementMap":{"0":{"start":{"line":4,"column":0},"end":{"line":4,"column":40}},"1":{"start":{"line":6,"column":29},"end":{"line":24,"column":2}},"2":{"start":{"line":9,"column":19},"end":{"line":24,"column":2}},"3":{"start":{"line":10,"column":27},"end":{"line":10,"column":35}},"4":{"start":{"line":12,"column":2},"end":{"line":23,"column":3}},"5":{"start":{"line":13,"column":20},"end":{"line":17,"column":6}},"6":{"start":{"line":19,"column":4},"end":{"line":19,"column":34}},"7":{"start":{"line":21,"column":4},"end":{"line":21,"column":52}},"8":{"start":{"line":22,"column":4},"end":{"line":22,"column":54}},"9":{"start":{"line":6,"column":13},"end":{"line":6,"column":29}},"10":{"start":{"line":26,"column":33},"end":{"line":42,"column":4}},"11":{"start":{"line":29,"column":21},"end":{"line":42,"column":4}},"12":{"start":{"line":30,"column":27},"end":{"line":30,"column":37}},"13":{"start":{"line":32,"column":4},"end":{"line":41,"column":5}},"14":{"start":{"line":33,"column":23},"end":{"line":35,"column":52}},"15":{"start":{"line":37,"column":6},"end":{"line":37,"column":37}},"16":{"start":{"line":39,"column":6},"end":{"line":39,"column":54}},"17":{"start":{"line":40,"column":6},"end":{"line":40,"column":56}},"18":{"start":{"line":26,"column":13},"end":{"line":26,"column":33}},"19":{"start":{"line":44,"column":38},"end":{"line":57,"column":4}},"20":{"start":{"line":47,"column":21},"end":{"line":57,"column":4}},"21":{"start":{"line":48,"column":27},"end":{"line":48,"column":37}},"22":{"start":{"line":50,"column":4},"end":{"line":56,"column":5}},"23":{"start":{"line":51,"column":20},"end":{"line":51,"column":60}},"24":{"start":{"line":52,"column":6},"end":{"line":52,"column":46}},"25":{"start":{"line":54,"column":6},"end":{"line":54,"column":55}},"26":{"start":{"line":55,"column":6},"end":{"line":55,"column":56}},"27":{"start":{"line":44,"column":15},"end":{"line":44,"column":38}},"28":{"start":{"line":59,"column":31},"end":{"line":83,"column":4}},"29":{"start":{"line":62,"column":21},"end":{"line":83,"column":4}},"30":{"start":{"line":63,"column":19},"end":{"line":63,"column":29}},"31":{"start":{"line":65,"column":4},"end":{"line":82,"column":5}},"32":{"start":{"line":66,"column":22},"end":{"line":66,"column":48}},"33":{"start":{"line":67,"column":6},"end":{"line":70,"column":7}},"34":{"start":{"line":68,"column":8},"end":{"line":68,"column":63}},"35":{"start":{"line":69,"column":8},"end":{"line":69,"column":15}},"36":{"start":{"line":72,"column":6},"end":{"line":75,"column":7}},"37":{"start":{"line":73,"column":8},"end":{"line":73,"column":82}},"38":{"start":{"line":74,"column":8},"end":{"line":74,"column":15}},"39":{"start":{"line":77,"column":6},"end":{"line":77,"column":32}},"40":{"start":{"line":78,"column":6},"end":{"line":78,"column":59}},"41":{"start":{"line":80,"column":6},"end":{"line":80,"column":54}},"42":{"start":{"line":81,"column":6},"end":{"line":81,"column":56}},"43":{"start":{"line":59,"column":15},"end":{"line":59,"column":31}},"44":{"start":{"line":85,"column":31},"end":{"line":112,"column":4}},"45":{"start":{"line":88,"column":21},"end":{"line":112,"column":4}},"46":{"start":{"line":89,"column":19},"end":{"line":89,"column":29}},"47":{"start":{"line":90,"column":21},"end":{"line":90,"column":29}},"48":{"start":{"line":92,"column":4},"end":{"line":111,"column":5}},"49":{"start":{"line":93,"column":22},"end":{"line":93,"column":48}},"50":{"start":{"line":94,"column":6},"end":{"line":97,"column":7}},"51":{"start":{"line":95,"column":8},"end":{"line":95,"column":63}},"52":{"start":{"line":96,"column":8},"end":{"line":96,"column":15}},"53":{"start":{"line":99,"column":6},"end":{"line":102,"column":7}},"54":{"start":{"line":100,"column":8},"end":{"line":100,"column":80}},"55":{"start":{"line":101,"column":8},"end":{"line":101,"column":15}},"56":{"start":{"line":104,"column":6},"end":{"line":104,"column":26}},"57":{"start":{"line":105,"column":6},"end":{"line":105,"column":27}},"58":{"start":{"line":107,"column":6},"end":{"line":107,"column":36}},"59":{"start":{"line":109,"column":6},"end":{"line":109,"column":54}},"60":{"start":{"line":110,"column":6},"end":{"line":110,"column":56}},"61":{"start":{"line":85,"column":15},"end":{"line":85,"column":31}}},"fnMap":{"0":{"name":"(anonymous_8)","decl":{"start":{"line":6,"column":29},"end":{"line":6,"column":null}},"loc":{"start":{"line":9,"column":19},"end":{"line":24,"column":2}}},"1":{"name":"(anonymous_9)","decl":{"start":{"line":9,"column":19},"end":{"line":9,"column":null}},"loc":{"start":{"line":9,"column":19},"end":{"line":24,"column":1}}},"2":{"name":"(anonymous_10)","decl":{"start":{"line":26,"column":33},"end":{"line":26,"column":null}},"loc":{"start":{"line":29,"column":21},"end":{"line":42,"column":4}}},"3":{"name":"(anonymous_11)","decl":{"start":{"line":29,"column":21},"end":{"line":29,"column":null}},"loc":{"start":{"line":29,"column":21},"end":{"line":42,"column":3}}},"4":{"name":"(anonymous_12)","decl":{"start":{"line":44,"column":38},"end":{"line":44,"column":null}},"loc":{"start":{"line":47,"column":21},"end":{"line":57,"column":4}}},"5":{"name":"(anonymous_13)","decl":{"start":{"line":47,"column":21},"end":{"line":47,"column":null}},"loc":{"start":{"line":47,"column":21},"end":{"line":57,"column":3}}},"6":{"name":"(anonymous_14)","decl":{"start":{"line":59,"column":31},"end":{"line":59,"column":null}},"loc":{"start":{"line":62,"column":21},"end":{"line":83,"column":4}}},"7":{"name":"(anonymous_15)","decl":{"start":{"line":62,"column":21},"end":{"line":62,"column":null}},"loc":{"start":{"line":62,"column":21},"end":{"line":83,"column":3}}},"8":{"name":"(anonymous_16)","decl":{"start":{"line":85,"column":31},"end":{"line":85,"column":null}},"loc":{"start":{"line":88,"column":21},"end":{"line":112,"column":4}}},"9":{"name":"(anonymous_17)","decl":{"start":{"line":88,"column":21},"end":{"line":88,"column":null}},"loc":{"start":{"line":88,"column":21},"end":{"line":112,"column":3}}}},"branchMap":{"0":{"loc":{"start":{"line":67,"column":6},"end":{"line":70,"column":7}},"type":"if","locations":[{"start":{"line":67,"column":6},"end":{"line":70,"column":7}}]},"1":{"loc":{"start":{"line":72,"column":6},"end":{"line":75,"column":7}},"type":"if","locations":[{"start":{"line":72,"column":6},"end":{"line":75,"column":7}}]},"2":{"loc":{"start":{"line":94,"column":6},"end":{"line":97,"column":7}},"type":"if","locations":[{"start":{"line":94,"column":6},"end":{"line":97,"column":7}}]},"3":{"loc":{"start":{"line":99,"column":6},"end":{"line":102,"column":7}},"type":"if","locations":[{"start":{"line":99,"column":6},"end":{"line":102,"column":7}}]}},"s":{"0":3,"1":3,"2":4,"3":4,"4":4,"5":4,"6":4,"7":0,"8":0,"9":3,"10":3,"11":1,"12":1,"13":1,"14":1,"15":1,"16":0,"17":0,"18":3,"19":3,"20":1,"21":1,"22":1,"23":1,"24":1,"25":0,"26":0,"27":3,"28":3,"29":1,"30":1,"31":1,"32":1,"33":1,"34":0,"35":0,"36":1,"37":0,"38":0,"39":1,"40":1,"41":0,"42":0,"43":3,"44":3,"45":1,"46":1,"47":1,"48":1,"49":1,"50":1,"51":0,"52":0,"53":1,"54":0,"55":0,"56":1,"57":1,"58":1,"59":0,"60":0,"61":3},"f":{"0":4,"1":4,"2":1,"3":1,"4":1,"5":1,"6":1,"7":1,"8":1,"9":1},"b":{"0":[0],"1":[0],"2":[0],"3":[0]}}
,"/home/st111/TASTIFY-WEB/server/src/controllers/post.controller.ts": {"path":"/home/st111/TASTIFY-WEB/server/src/controllers/post.controller.ts","statementMap":{"0":{"start":{"line":2,"column":0},"end":{"line":2,"column":34}},"1":{"start":{"line":3,"column":0},"end":{"line":3,"column":40}},"2":{"start":{"line":5,"column":0},"end":{"line":5,"column":32}},"3":{"start":{"line":8,"column":26},"end":{"line":37,"column":4}},"4":{"start":{"line":11,"column":21},"end":{"line":37,"column":4}},"5":{"start":{"line":12,"column":45},"end":{"line":12,"column":53}},"6":{"start":{"line":14,"column":4},"end":{"line":36,"column":5}},"7":{"start":{"line":15,"column":21},"end":{"line":15,"column":31}},"8":{"start":{"line":16,"column":6},"end":{"line":19,"column":7}},"9":{"start":{"line":17,"column":8},"end":{"line":17,"column":58}},"10":{"start":{"line":18,"column":8},"end":{"line":18,"column":15}},"11":{"start":{"line":22,"column":23},"end":{"line":22,"column":70}},"12":{"start":{"line":24,"column":22},"end":{"line":30,"column":8}},"13":{"start":{"line":32,"column":6},"end":{"line":32,"column":36}},"14":{"start":{"line":34,"column":6},"end":{"line":34,"column":51}},"15":{"start":{"line":35,"column":6},"end":{"line":35,"column":56}},"16":{"start":{"line":8,"column":13},"end":{"line":8,"column":26}},"17":{"start":{"line":40,"column":26},"end":{"line":75,"column":4}},"18":{"start":{"line":43,"column":21},"end":{"line":75,"column":4}},"19":{"start":{"line":44,"column":19},"end":{"line":44,"column":29}},"20":{"start":{"line":45,"column":45},"end":{"line":45,"column":53}},"21":{"start":{"line":47,"column":4},"end":{"line":74,"column":5}},"22":{"start":{"line":48,"column":19},"end":{"line":48,"column":42}},"23":{"start":{"line":49,"column":6},"end":{"line":52,"column":7}},"24":{"start":{"line":50,"column":8},"end":{"line":50,"column":60}},"25":{"start":{"line":51,"column":8},"end":{"line":51,"column":15}},"26":{"start":{"line":54,"column":6},"end":{"line":57,"column":7}},"27":{"start":{"line":55,"column":8},"end":{"line":55,"column":78}},"28":{"start":{"line":56,"column":8},"end":{"line":56,"column":15}},"29":{"start":{"line":59,"column":6},"end":{"line":59,"column":66}},"30":{"start":{"line":60,"column":6},"end":{"line":60,"column":36}},"31":{"start":{"line":61,"column":6},"end":{"line":61,"column":42}},"32":{"start":{"line":64,"column":6},"end":{"line":67,"column":7}},"33":{"start":{"line":65,"column":25},"end":{"line":65,"column":56}},"34":{"start":{"line":66,"column":8},"end":{"line":66,"column":33}},"35":{"start":{"line":69,"column":6},"end":{"line":69,"column":24}},"36":{"start":{"line":70,"column":6},"end":{"line":70,"column":33}},"37":{"start":{"line":72,"column":6},"end":{"line":72,"column":51}},"38":{"start":{"line":73,"column":6},"end":{"line":73,"column":56}},"39":{"start":{"line":40,"column":13},"end":{"line":40,"column":26}},"40":{"start":{"line":78,"column":26},"end":{"line":99,"column":2}},"41":{"start":{"line":78,"column":92},"end":{"line":99,"column":2}},"42":{"start":{"line":79,"column":17},"end":{"line":79,"column":27}},"43":{"start":{"line":81,"column":2},"end":{"line":98,"column":3}},"44":{"start":{"line":82,"column":17},"end":{"line":82,"column":40}},"45":{"start":{"line":83,"column":4},"end":{"line":86,"column":5}},"46":{"start":{"line":84,"column":6},"end":{"line":84,"column":58}},"47":{"start":{"line":85,"column":6},"end":{"line":85,"column":13}},"48":{"start":{"line":88,"column":4},"end":{"line":91,"column":5}},"49":{"start":{"line":89,"column":6},"end":{"line":89,"column":78}},"50":{"start":{"line":90,"column":6},"end":{"line":90,"column":13}},"51":{"start":{"line":93,"column":4},"end":{"line":93,"column":27}},"52":{"start":{"line":94,"column":4},"end":{"line":94,"column":54}},"53":{"start":{"line":96,"column":4},"end":{"line":96,"column":49}},"54":{"start":{"line":97,"column":4},"end":{"line":97,"column":54}},"55":{"start":{"line":78,"column":13},"end":{"line":78,"column":26}},"56":{"start":{"line":102,"column":27},"end":{"line":170,"column":2}},"57":{"start":{"line":102,"column":93},"end":{"line":170,"column":2}},"58":{"start":{"line":103,"column":2},"end":{"line":169,"column":3}},"59":{"start":{"line":104,"column":61},"end":{"line":104,"column":70}},"60":{"start":{"line":106,"column":20},"end":{"line":106,"column":48}},"61":{"start":{"line":107,"column":21},"end":{"line":107,"column":50}},"62":{"start":{"line":108,"column":17},"end":{"line":108,"column":41}},"63":{"start":{"line":110,"column":28},"end":{"line":110,"column":30}},"64":{"start":{"line":112,"column":4},"end":{"line":114,"column":5}},"65":{"start":{"line":113,"column":6},"end":{"line":113,"column":72}},"66":{"start":{"line":116,"column":4},"end":{"line":118,"column":5}},"67":{"start":{"line":117,"column":6},"end":{"line":117,"column":72}},"68":{"start":{"line":120,"column":18},"end":{"line":155,"column":6}},"69":{"start":{"line":158,"column":18},"end":{"line":158,"column":55}},"70":{"start":{"line":160,"column":4},"end":{"line":165,"column":7}},"71":{"start":{"line":167,"column":4},"end":{"line":167,"column":49}},"72":{"start":{"line":168,"column":4},"end":{"line":168,"column":54}},"73":{"start":{"line":102,"column":13},"end":{"line":102,"column":27}},"74":{"start":{"line":173,"column":32},"end":{"line":216,"column":4}},"75":{"start":{"line":176,"column":21},"end":{"line":216,"column":4}},"76":{"start":{"line":177,"column":19},"end":{"line":177,"column":29}},"77":{"start":{"line":178,"column":19},"end":{"line":178,"column":29}},"78":{"start":{"line":180,"column":4},"end":{"line":183,"column":5}},"79":{"start":{"line":181,"column":6},"end":{"line":181,"column":84}},"80":{"start":{"line":182,"column":6},"end":{"line":182,"column":13}},"81":{"start":{"line":185,"column":25},"end":{"line":185,"column":60}},"82":{"start":{"line":187,"column":4},"end":{"line":215,"column":5}},"83":{"start":{"line":188,"column":19},"end":{"line":188,"column":42}},"84":{"start":{"line":189,"column":6},"end":{"line":192,"column":7}},"85":{"start":{"line":190,"column":8},"end":{"line":190,"column":60}},"86":{"start":{"line":191,"column":8},"end":{"line":191,"column":15}},"87":{"start":{"line":194,"column":27},"end":{"line":195,"column":null}},"88":{"start":{"line":195,"column":8},"end":{"line":195,"column":53}},"89":{"start":{"line":198,"column":6},"end":{"line":204,"column":7}},"90":{"start":{"line":199,"column":8},"end":{"line":201,"column":10}},"91":{"start":{"line":200,"column":20},"end":{"line":200,"column":65}},"92":{"start":{"line":203,"column":8},"end":{"line":203,"column":38}},"93":{"start":{"line":206,"column":6},"end":{"line":206,"column":24}},"94":{"start":{"line":208,"column":6},"end":{"line":211,"column":9}},"95":{"start":{"line":213,"column":6},"end":{"line":213,"column":51}},"96":{"start":{"line":214,"column":6},"end":{"line":214,"column":56}},"97":{"start":{"line":173,"column":15},"end":{"line":173,"column":32}},"98":{"start":{"line":220,"column":32},"end":{"line":257,"column":4}},"99":{"start":{"line":223,"column":21},"end":{"line":257,"column":4}},"100":{"start":{"line":224,"column":19},"end":{"line":224,"column":29}},"101":{"start":{"line":225,"column":19},"end":{"line":225,"column":29}},"102":{"start":{"line":227,"column":4},"end":{"line":256,"column":5}},"103":{"start":{"line":228,"column":19},"end":{"line":229,"column":52}},"104":{"start":{"line":231,"column":6},"end":{"line":234,"column":7}},"105":{"start":{"line":232,"column":8},"end":{"line":232,"column":60}},"106":{"start":{"line":233,"column":8},"end":{"line":233,"column":15}},"107":{"start":{"line":236,"column":23},"end":{"line":238,"column":52}},"108":{"start":{"line":240,"column":24},"end":{"line":244,"column":15}},"109":{"start":{"line":242,"column":24},"end":{"line":242,"column":63}},"110":{"start":{"line":246,"column":6},"end":{"line":252,"column":9}},"111":{"start":{"line":254,"column":6},"end":{"line":254,"column":58}},"112":{"start":{"line":255,"column":6},"end":{"line":255,"column":56}},"113":{"start":{"line":220,"column":15},"end":{"line":220,"column":32}}},"fnMap":{"0":{"name":"(anonymous_8)","decl":{"start":{"line":8,"column":26},"end":{"line":8,"column":null}},"loc":{"start":{"line":11,"column":21},"end":{"line":37,"column":4}}},"1":{"name":"(anonymous_9)","decl":{"start":{"line":11,"column":21},"end":{"line":11,"column":null}},"loc":{"start":{"line":11,"column":21},"end":{"line":37,"column":3}}},"2":{"name":"(anonymous_10)","decl":{"start":{"line":40,"column":26},"end":{"line":40,"column":null}},"loc":{"start":{"line":43,"column":21},"end":{"line":75,"column":4}}},"3":{"name":"(anonymous_11)","decl":{"start":{"line":43,"column":21},"end":{"line":43,"column":null}},"loc":{"start":{"line":43,"column":21},"end":{"line":75,"column":3}}},"4":{"name":"(anonymous_12)","decl":{"start":{"line":78,"column":26},"end":{"line":78,"column":33}},"loc":{"start":{"line":78,"column":92},"end":{"line":99,"column":2}}},"5":{"name":"(anonymous_13)","decl":{"start":{"line":78,"column":92},"end":{"line":78,"column":null}},"loc":{"start":{"line":78,"column":92},"end":{"line":99,"column":1}}},"6":{"name":"(anonymous_14)","decl":{"start":{"line":102,"column":27},"end":{"line":102,"column":34}},"loc":{"start":{"line":102,"column":93},"end":{"line":170,"column":2}}},"7":{"name":"(anonymous_15)","decl":{"start":{"line":102,"column":93},"end":{"line":102,"column":null}},"loc":{"start":{"line":102,"column":93},"end":{"line":170,"column":1}}},"8":{"name":"(anonymous_16)","decl":{"start":{"line":173,"column":32},"end":{"line":173,"column":null}},"loc":{"start":{"line":176,"column":21},"end":{"line":216,"column":4}}},"9":{"name":"(anonymous_17)","decl":{"start":{"line":176,"column":21},"end":{"line":176,"column":null}},"loc":{"start":{"line":176,"column":21},"end":{"line":216,"column":3}}},"10":{"name":"(anonymous_18)","decl":{"start":{"line":194,"column":43},"end":{"line":194,"column":49}},"loc":{"start":{"line":195,"column":8},"end":{"line":195,"column":53}}},"11":{"name":"(anonymous_19)","decl":{"start":{"line":200,"column":10},"end":{"line":200,"column":16}},"loc":{"start":{"line":200,"column":20},"end":{"line":200,"column":65}}},"12":{"name":"(anonymous_20)","decl":{"start":{"line":220,"column":32},"end":{"line":220,"column":null}},"loc":{"start":{"line":223,"column":21},"end":{"line":257,"column":4}}},"13":{"name":"(anonymous_21)","decl":{"start":{"line":223,"column":21},"end":{"line":223,"column":null}},"loc":{"start":{"line":223,"column":21},"end":{"line":257,"column":3}}},"14":{"name":"(anonymous_22)","decl":{"start":{"line":242,"column":12},"end":{"line":242,"column":13}},"loc":{"start":{"line":242,"column":24},"end":{"line":242,"column":63}}}},"branchMap":{"0":{"loc":{"start":{"line":16,"column":6},"end":{"line":19,"column":7}},"type":"if","locations":[{"start":{"line":16,"column":6},"end":{"line":19,"column":7}}]},"1":{"loc":{"start":{"line":22,"column":23},"end":{"line":22,"column":70}},"type":"cond-expr","locations":[{"start":{"line":22,"column":34},"end":{"line":22,"column":65}},{"start":{"line":22,"column":68},"end":{"line":22,"column":70}}]},"2":{"loc":{"start":{"line":29,"column":16},"end":{"line":29,"column":42}},"type":"cond-expr","locations":[{"start":{"line":29,"column":27},"end":{"line":29,"column":37}},{"start":{"line":29,"column":40},"end":{"line":29,"column":42}}]},"3":{"loc":{"start":{"line":49,"column":6},"end":{"line":52,"column":7}},"type":"if","locations":[{"start":{"line":49,"column":6},"end":{"line":52,"column":7}}]},"4":{"loc":{"start":{"line":54,"column":6},"end":{"line":57,"column":7}},"type":"if","locations":[{"start":{"line":54,"column":6},"end":{"line":57,"column":7}}]},"5":{"loc":{"start":{"line":59,"column":28},"end":{"line":59,"column":65}},"type":"binary-expr","locations":[{"start":{"line":59,"column":28},"end":{"line":59,"column":42}},{"start":{"line":59,"column":46},"end":{"line":59,"column":65}}]},"6":{"loc":{"start":{"line":60,"column":18},"end":{"line":60,"column":35}},"type":"binary-expr","locations":[{"start":{"line":60,"column":18},"end":{"line":60,"column":22}},{"start":{"line":60,"column":26},"end":{"line":60,"column":35}}]},"7":{"loc":{"start":{"line":61,"column":20},"end":{"line":61,"column":41}},"type":"binary-expr","locations":[{"start":{"line":61,"column":20},"end":{"line":61,"column":26}},{"start":{"line":61,"column":30},"end":{"line":61,"column":41}}]},"8":{"loc":{"start":{"line":64,"column":6},"end":{"line":67,"column":7}},"type":"if","locations":[{"start":{"line":64,"column":6},"end":{"line":67,"column":7}}]},"9":{"loc":{"start":{"line":83,"column":4},"end":{"line":86,"column":5}},"type":"if","locations":[{"start":{"line":83,"column":4},"end":{"line":86,"column":5}}]},"10":{"loc":{"start":{"line":88,"column":4},"end":{"line":91,"column":5}},"type":"if","locations":[{"start":{"line":88,"column":4},"end":{"line":91,"column":5}}]},"11":{"loc":{"start":{"line":104,"column":32},"end":{"line":104,"column":42}},"type":"default-arg","locations":[{"start":{"line":104,"column":39},"end":{"line":104,"column":42}}]},"12":{"loc":{"start":{"line":104,"column":44},"end":{"line":104,"column":56}},"type":"default-arg","locations":[{"start":{"line":104,"column":52},"end":{"line":104,"column":56}}]},"13":{"loc":{"start":{"line":112,"column":4},"end":{"line":114,"column":5}},"type":"if","locations":[{"start":{"line":112,"column":4},"end":{"line":114,"column":5}}]},"14":{"loc":{"start":{"line":116,"column":4},"end":{"line":118,"column":5}},"type":"if","locations":[{"start":{"line":116,"column":4},"end":{"line":118,"column":5}}]},"15":{"loc":{"start":{"line":180,"column":4},"end":{"line":183,"column":5}},"type":"if","locations":[{"start":{"line":180,"column":4},"end":{"line":183,"column":5}}]},"16":{"loc":{"start":{"line":189,"column":6},"end":{"line":192,"column":7}},"type":"if","locations":[{"start":{"line":189,"column":6},"end":{"line":192,"column":7}}]},"17":{"loc":{"start":{"line":198,"column":6},"end":{"line":204,"column":7}},"type":"if","locations":[{"start":{"line":198,"column":6},"end":{"line":204,"column":7}},{"start":{"line":202,"column":13},"end":{"line":204,"column":7}}]},"18":{"loc":{"start":{"line":231,"column":6},"end":{"line":234,"column":7}},"type":"if","locations":[{"start":{"line":231,"column":6},"end":{"line":234,"column":7}}]},"19":{"loc":{"start":{"line":240,"column":24},"end":{"line":244,"column":15}},"type":"cond-expr","locations":[{"start":{"line":241,"column":10},"end":{"line":242,"column":null}},{"start":{"line":244,"column":10},"end":{"line":244,"column":15}}]}},"s":{"0":3,"1":3,"2":3,"3":3,"4":12,"5":12,"6":12,"7":12,"8":12,"9":0,"10":0,"11":12,"12":12,"13":12,"14":0,"15":0,"16":3,"17":3,"18":1,"19":1,"20":1,"21":1,"22":1,"23":1,"24":0,"25":0,"26":1,"27":0,"28":0,"29":1,"30":1,"31":1,"32":1,"33":0,"34":0,"35":1,"36":1,"37":0,"38":0,"39":3,"40":3,"41":1,"42":1,"43":1,"44":1,"45":1,"46":0,"47":0,"48":1,"49":0,"50":0,"51":1,"52":1,"53":0,"54":0,"55":3,"56":3,"57":1,"58":1,"59":1,"60":1,"61":1,"62":1,"63":1,"64":1,"65":0,"66":1,"67":0,"68":1,"69":1,"70":1,"71":0,"72":0,"73":3,"74":3,"75":2,"76":2,"77":2,"78":2,"79":0,"80":0,"81":2,"82":2,"83":2,"84":2,"85":0,"86":0,"87":2,"88":1,"89":2,"90":1,"91":1,"92":1,"93":2,"94":2,"95":0,"96":0,"97":3,"98":3,"99":1,"100":1,"101":1,"102":1,"103":1,"104":1,"105":0,"106":0,"107":1,"108":1,"109":0,"110":1,"111":0,"112":0,"113":3},"f":{"0":12,"1":12,"2":1,"3":1,"4":1,"5":1,"6":1,"7":1,"8":2,"9":2,"10":1,"11":1,"12":1,"13":1,"14":0},"b":{"0":[0],"1":[1,11],"2":[1,11],"3":[0],"4":[0],"5":[1,1],"6":[1,0],"7":[1,0],"8":[0],"9":[0],"10":[0],"11":[0],"12":[0],"13":[0],"14":[0],"15":[0],"16":[0],"17":[1,1],"18":[0],"19":[1,0]}}
,"/home/st111/TASTIFY-WEB/server/src/controllers/user.controller.ts": {"path":"/home/st111/TASTIFY-WEB/server/src/controllers/user.controller.ts","statementMap":{"0":{"start":{"line":2,"column":0},"end":{"line":2,"column":34}},"1":{"start":{"line":3,"column":0},"end":{"line":3,"column":28}},"2":{"start":{"line":6,"column":0},"end":{"line":6,"column":45}},"3":{"start":{"line":9,"column":26},"end":{"line":41,"column":4}},"4":{"start":{"line":9,"column":79},"end":{"line":41,"column":4}},"5":{"start":{"line":10,"column":63},"end":{"line":10,"column":71}},"6":{"start":{"line":11,"column":4},"end":{"line":11,"column":40}},"7":{"start":{"line":12,"column":4},"end":{"line":12,"column":35}},"8":{"start":{"line":13,"column":4},"end":{"line":37,"column":5}},"9":{"start":{"line":14,"column":23},"end":{"line":14,"column":52}},"10":{"start":{"line":15,"column":6},"end":{"line":18,"column":7}},"11":{"start":{"line":16,"column":8},"end":{"line":16,"column":65}},"12":{"start":{"line":17,"column":8},"end":{"line":17,"column":15}},"13":{"start":{"line":20,"column":29},"end":{"line":20,"column":60}},"14":{"start":{"line":22,"column":19},"end":{"line":28,"column":8}},"15":{"start":{"line":30,"column":20},"end":{"line":30,"column":47}},"16":{"start":{"line":31,"column":4},"end":{"line":31,"column":42}},"17":{"start":{"line":34,"column":6},"end":{"line":34,"column":33}},"18":{"start":{"line":36,"column":6},"end":{"line":36,"column":63}},"19":{"start":{"line":39,"column":4},"end":{"line":39,"column":37}},"20":{"start":{"line":9,"column":13},"end":{"line":9,"column":26}},"21":{"start":{"line":43,"column":32},"end":{"line":61,"column":4}},"22":{"start":{"line":46,"column":21},"end":{"line":61,"column":4}},"23":{"start":{"line":47,"column":19},"end":{"line":47,"column":29}},"24":{"start":{"line":49,"column":4},"end":{"line":60,"column":5}},"25":{"start":{"line":50,"column":19},"end":{"line":50,"column":62}},"26":{"start":{"line":51,"column":6},"end":{"line":54,"column":7}},"27":{"start":{"line":52,"column":8},"end":{"line":52,"column":60}},"28":{"start":{"line":53,"column":8},"end":{"line":53,"column":15}},"29":{"start":{"line":56,"column":6},"end":{"line":56,"column":33}},"30":{"start":{"line":58,"column":6},"end":{"line":58,"column":50}},"31":{"start":{"line":59,"column":6},"end":{"line":59,"column":56}},"32":{"start":{"line":43,"column":15},"end":{"line":43,"column":32}},"33":{"start":{"line":63,"column":35},"end":{"line":99,"column":4}},"34":{"start":{"line":66,"column":21},"end":{"line":99,"column":4}},"35":{"start":{"line":67,"column":19},"end":{"line":67,"column":29}},"36":{"start":{"line":70,"column":4},"end":{"line":73,"column":5}},"37":{"start":{"line":71,"column":6},"end":{"line":71,"column":78}},"38":{"start":{"line":72,"column":6},"end":{"line":72,"column":13}},"39":{"start":{"line":75,"column":36},"end":{"line":75,"column":44}},"40":{"start":{"line":76,"column":21},"end":{"line":76,"column":75}},"41":{"start":{"line":78,"column":4},"end":{"line":98,"column":5}},"42":{"start":{"line":79,"column":26},"end":{"line":87,"column":27}},"43":{"start":{"line":89,"column":6},"end":{"line":92,"column":7}},"44":{"start":{"line":90,"column":8},"end":{"line":90,"column":60}},"45":{"start":{"line":91,"column":8},"end":{"line":91,"column":15}},"46":{"start":{"line":94,"column":6},"end":{"line":94,"column":40}},"47":{"start":{"line":96,"column":6},"end":{"line":96,"column":51}},"48":{"start":{"line":97,"column":6},"end":{"line":97,"column":56}},"49":{"start":{"line":63,"column":15},"end":{"line":63,"column":35}}},"fnMap":{"0":{"name":"(anonymous_8)","decl":{"start":{"line":9,"column":26},"end":{"line":9,"column":33}},"loc":{"start":{"line":9,"column":79},"end":{"line":41,"column":4}}},"1":{"name":"(anonymous_9)","decl":{"start":{"line":9,"column":79},"end":{"line":9,"column":null}},"loc":{"start":{"line":9,"column":79},"end":{"line":41,"column":3}}},"2":{"name":"(anonymous_10)","decl":{"start":{"line":43,"column":32},"end":{"line":43,"column":null}},"loc":{"start":{"line":46,"column":21},"end":{"line":61,"column":4}}},"3":{"name":"(anonymous_11)","decl":{"start":{"line":46,"column":21},"end":{"line":46,"column":null}},"loc":{"start":{"line":46,"column":21},"end":{"line":61,"column":3}}},"4":{"name":"(anonymous_12)","decl":{"start":{"line":63,"column":35},"end":{"line":63,"column":null}},"loc":{"start":{"line":66,"column":21},"end":{"line":99,"column":4}}},"5":{"name":"(anonymous_13)","decl":{"start":{"line":66,"column":21},"end":{"line":66,"column":null}},"loc":{"start":{"line":66,"column":21},"end":{"line":99,"column":3}}}},"branchMap":{"0":{"loc":{"start":{"line":15,"column":6},"end":{"line":18,"column":7}},"type":"if","locations":[{"start":{"line":15,"column":6},"end":{"line":18,"column":7}}]},"1":{"loc":{"start":{"line":51,"column":6},"end":{"line":54,"column":7}},"type":"if","locations":[{"start":{"line":51,"column":6},"end":{"line":54,"column":7}}]},"2":{"loc":{"start":{"line":70,"column":4},"end":{"line":73,"column":5}},"type":"if","locations":[{"start":{"line":70,"column":4},"end":{"line":73,"column":5}}]},"3":{"loc":{"start":{"line":76,"column":21},"end":{"line":76,"column":75}},"type":"cond-expr","locations":[{"start":{"line":76,"column":32},"end":{"line":76,"column":63}},{"start":{"line":76,"column":66},"end":{"line":76,"column":75}}]},"4":{"loc":{"start":{"line":82,"column":14},"end":{"line":82,"column":40}},"type":"binary-expr","locations":[{"start":{"line":82,"column":14},"end":{"line":82,"column":23}},{"start":{"line":82,"column":27},"end":{"line":82,"column":40}}]},"5":{"loc":{"start":{"line":83,"column":14},"end":{"line":83,"column":38}},"type":"binary-expr","locations":[{"start":{"line":83,"column":14},"end":{"line":83,"column":22}},{"start":{"line":83,"column":26},"end":{"line":83,"column":38}}]},"6":{"loc":{"start":{"line":84,"column":14},"end":{"line":84,"column":52}},"type":"binary-expr","locations":[{"start":{"line":84,"column":14},"end":{"line":84,"column":22}},{"start":{"line":84,"column":26},"end":{"line":84,"column":52}}]},"7":{"loc":{"start":{"line":89,"column":6},"end":{"line":92,"column":7}},"type":"if","locations":[{"start":{"line":89,"column":6},"end":{"line":92,"column":7}}]}},"s":{"0":3,"1":3,"2":3,"3":3,"4":0,"5":0,"6":0,"7":0,"8":0,"9":0,"10":0,"11":0,"12":0,"13":0,"14":0,"15":0,"16":0,"17":0,"18":0,"19":0,"20":3,"21":3,"22":0,"23":0,"24":0,"25":0,"26":0,"27":0,"28":0,"29":0,"30":0,"31":0,"32":3,"33":3,"34":0,"35":0,"36":0,"37":0,"38":0,"39":0,"40":0,"41":0,"42":0,"43":0,"44":0,"45":0,"46":0,"47":0,"48":0,"49":3},"f":{"0":0,"1":0,"2":0,"3":0,"4":0,"5":0},"b":{"0":[0],"1":[0],"2":[0],"3":[0,0],"4":[0,0],"5":[0,0],"6":[0,0],"7":[0]}}
,"/home/st111/TASTIFY-WEB/server/src/middleware/auth.middleware.ts": {"path":"/home/st111/TASTIFY-WEB/server/src/middleware/auth.middleware.ts","statementMap":{"0":{"start":{"line":2,"column":0},"end":{"line":2,"column":31}},"1":{"start":{"line":4,"column":19},"end":{"line":4,"column":59}},"2":{"start":{"line":10,"column":33},"end":{"line":31,"column":1}},"3":{"start":{"line":15,"column":21},"end":{"line":15,"column":46}},"4":{"start":{"line":17,"column":16},"end":{"line":17,"column":54}},"5":{"start":{"line":19,"column":2},"end":{"line":22,"column":3}},"6":{"start":{"line":20,"column":4},"end":{"line":20,"column":75}},"7":{"start":{"line":21,"column":4},"end":{"line":21,"column":11}},"8":{"start":{"line":24,"column":2},"end":{"line":30,"column":3}},"9":{"start":{"line":25,"column":20},"end":{"line":25,"column":67}},"10":{"start":{"line":26,"column":4},"end":{"line":26,"column":28}},"11":{"start":{"line":27,"column":4},"end":{"line":27,"column":11}},"12":{"start":{"line":29,"column":4},"end":{"line":29,"column":67}},"13":{"start":{"line":10,"column":13},"end":{"line":10,"column":33}}},"fnMap":{"0":{"name":"(anonymous_1)","decl":{"start":{"line":10,"column":33},"end":{"line":10,"column":null}},"loc":{"start":{"line":14,"column":10},"end":{"line":31,"column":1}}}},"branchMap":{"0":{"loc":{"start":{"line":4,"column":19},"end":{"line":4,"column":59}},"type":"binary-expr","locations":[{"start":{"line":4,"column":19},"end":{"line":4,"column":41}},{"start":{"line":4,"column":45},"end":{"line":4,"column":59}}]},"1":{"loc":{"start":{"line":17,"column":16},"end":{"line":17,"column":54}},"type":"binary-expr","locations":[{"start":{"line":17,"column":16},"end":{"line":17,"column":26}},{"start":{"line":17,"column":30},"end":{"line":17,"column":54}}]},"2":{"loc":{"start":{"line":19,"column":2},"end":{"line":22,"column":3}},"type":"if","locations":[{"start":{"line":19,"column":2},"end":{"line":22,"column":3}}]}},"s":{"0":3,"1":3,"2":3,"3":24,"4":24,"5":24,"6":0,"7":0,"8":24,"9":24,"10":24,"11":24,"12":0,"13":3},"f":{"0":24},"b":{"0":[3,3],"1":[24,24],"2":[0]}}
,"/home/st111/TASTIFY-WEB/server/src/middleware/upload.middleware.ts": {"path":"/home/st111/TASTIFY-WEB/server/src/middleware/upload.middleware.ts","statementMap":{"0":{"start":{"line":1,"column":0},"end":{"line":1,"column":28}},"1":{"start":{"line":2,"column":0},"end":{"line":2,"column":24}},"2":{"start":{"line":4,"column":16},"end":{"line":12,"column":2}},"3":{"start":{"line":6,"column":4},"end":{"line":6,"column":25}},"4":{"start":{"line":9,"column":25},"end":{"line":9,"column":75}},"5":{"start":{"line":10,"column":4},"end":{"line":10,"column":61}},"6":{"start":{"line":14,"column":15},"end":{"line":14,"column":34}},"7":{"start":{"line":16,"column":0},"end":{"line":16,"column":22}}},"fnMap":{"0":{"name":"(anonymous_1)","decl":{"start":{"line":5,"column":15},"end":{"line":5,"column":16}},"loc":{"start":{"line":5,"column":33},"end":{"line":7,"column":3}}},"1":{"name":"(anonymous_2)","decl":{"start":{"line":8,"column":12},"end":{"line":8,"column":13}},"loc":{"start":{"line":8,"column":30},"end":{"line":11,"column":3}}}},"branchMap":{},"s":{"0":3,"1":3,"2":3,"3":1,"4":1,"5":1,"6":3,"7":3},"f":{"0":1,"1":1},"b":{}}
,"/home/st111/TASTIFY-WEB/server/src/models/Comment.ts": {"path":"/home/st111/TASTIFY-WEB/server/src/models/Comment.ts","statementMap":{"0":{"start":{"line":1,"column":0},"end":{"line":1,"column":32}},"1":{"start":{"line":3,"column":22},"end":{"line":18,"column":24}},"2":{"start":{"line":20,"column":16},"end":{"line":20,"column":56}},"3":{"start":{"line":21,"column":0},"end":{"line":21,"column":23}}},"fnMap":{},"branchMap":{},"s":{"0":3,"1":3,"2":3,"3":3},"f":{},"b":{}}
,"/home/st111/TASTIFY-WEB/server/src/models/Post.ts": {"path":"/home/st111/TASTIFY-WEB/server/src/models/Post.ts","statementMap":{"0":{"start":{"line":1,"column":0},"end":{"line":1,"column":32}},"1":{"start":{"line":3,"column":19},"end":{"line":41,"column":21}},"2":{"start":{"line":43,"column":13},"end":{"line":43,"column":47}},"3":{"start":{"line":44,"column":0},"end":{"line":44,"column":20}}},"fnMap":{},"branchMap":{},"s":{"0":3,"1":3,"2":3,"3":3},"f":{},"b":{}}
,"/home/st111/TASTIFY-WEB/server/src/models/User.ts": {"path":"/home/st111/TASTIFY-WEB/server/src/models/User.ts","statementMap":{"0":{"start":{"line":1,"column":0},"end":{"line":1,"column":32}},"1":{"start":{"line":3,"column":19},"end":{"line":10,"column":24}},"2":{"start":{"line":12,"column":13},"end":{"line":12,"column":47}},"3":{"start":{"line":13,"column":0},"end":{"line":13,"column":20}}},"fnMap":{},"branchMap":{},"s":{"0":3,"1":3,"2":3,"3":3},"f":{},"b":{}}
,"/home/st111/TASTIFY-WEB/server/src/routes/auth.routes.ts": {"path":"/home/st111/TASTIFY-WEB/server/src/routes/auth.routes.ts","statementMap":{"0":{"start":{"line":1,"column":0},"end":{"line":1,"column":30}},"1":{"start":{"line":2,"column":0},"end":{"line":2,"column":92}},"2":{"start":{"line":4,"column":15},"end":{"line":4,"column":31}},"3":{"start":{"line":58,"column":0},"end":{"line":58,"column":35}},"4":{"start":{"line":96,"column":0},"end":{"line":96,"column":29}},"5":{"start":{"line":121,"column":0},"end":{"line":121,"column":38}},"6":{"start":{"line":122,"column":0},"end":{"line":122,"column":36}},"7":{"start":{"line":124,"column":0},"end":{"line":124,"column":22}}},"fnMap":{},"branchMap":{},"s":{"0":3,"1":3,"2":3,"3":3,"4":3,"5":3,"6":3,"7":3},"f":{},"b":{}}
,"/home/st111/TASTIFY-WEB/server/src/routes/comment.routes.ts": {"path":"/home/st111/TASTIFY-WEB/server/src/routes/comment.routes.ts","statementMap":{"0":{"start":{"line":1,"column":0},"end":{"line":1,"column":30}},"1":{"start":{"line":2,"column":0},"end":{"line":2,"column":null}},"2":{"start":{"line":9,"column":0},"end":{"line":9,"column":66}},"3":{"start":{"line":11,"column":15},"end":{"line":11,"column":31}},"4":{"start":{"line":49,"column":0},"end":{"line":49,"column":51}},"5":{"start":{"line":70,"column":0},"end":{"line":70,"column":43}},"6":{"start":{"line":89,"column":0},"end":{"line":89,"column":52}},"7":{"start":{"line":114,"column":0},"end":{"line":114,"column":56}},"8":{"start":{"line":150,"column":0},"end":{"line":150,"column":53}},"9":{"start":{"line":152,"column":0},"end":{"line":152,"column":22}}},"fnMap":{},"branchMap":{},"s":{"0":3,"1":3,"2":3,"3":3,"4":3,"5":3,"6":3,"7":3,"8":3,"9":3},"f":{},"b":{}}
,"/home/st111/TASTIFY-WEB/server/src/routes/post.routes.ts": {"path":"/home/st111/TASTIFY-WEB/server/src/routes/post.routes.ts","statementMap":{"0":{"start":{"line":1,"column":0},"end":{"line":1,"column":30}},"1":{"start":{"line":2,"column":0},"end":{"line":2,"column":null}},"2":{"start":{"line":10,"column":0},"end":{"line":10,"column":66}},"3":{"start":{"line":11,"column":0},"end":{"line":11,"column":53}},"4":{"start":{"line":13,"column":15},"end":{"line":13,"column":31}},"5":{"start":{"line":53,"column":0},"end":{"line":53,"column":29}},"6":{"start":{"line":84,"column":0},"end":{"line":89,"column":4}},"7":{"start":{"line":125,"column":0},"end":{"line":126,"column":40}},"8":{"start":{"line":149,"column":0},"end":{"line":149,"column":53}},"9":{"start":{"line":171,"column":0},"end":{"line":171,"column":59}},"10":{"start":{"line":193,"column":0},"end":{"line":193,"column":54}},"11":{"start":{"line":196,"column":0},"end":{"line":196,"column":22}}},"fnMap":{},"branchMap":{},"s":{"0":3,"1":3,"2":3,"3":3,"4":3,"5":3,"6":3,"7":3,"8":3,"9":3,"10":3,"11":3},"f":{},"b":{}}
,"/home/st111/TASTIFY-WEB/server/src/routes/user.routes.ts": {"path":"/home/st111/TASTIFY-WEB/server/src/routes/user.routes.ts","statementMap":{"0":{"start":{"line":1,"column":0},"end":{"line":1,"column":30}},"1":{"start":{"line":2,"column":0},"end":{"line":2,"column":null}},"2":{"start":{"line":7,"column":0},"end":{"line":7,"column":66}},"3":{"start":{"line":8,"column":0},"end":{"line":8,"column":53}},"4":{"start":{"line":10,"column":15},"end":{"line":10,"column":31}},"5":{"start":{"line":64,"column":0},"end":{"line":64,"column":35}},"6":{"start":{"line":87,"column":0},"end":{"line":87,"column":54}},"7":{"start":{"line":123,"column":0},"end":{"line":128,"column":4}},"8":{"start":{"line":131,"column":0},"end":{"line":131,"column":22}}},"fnMap":{},"branchMap":{},"s":{"0":3,"1":3,"2":3,"3":3,"4":3,"5":3,"6":3,"7":3,"8":3},"f":{},"b":{}}
}
