TN:
SF:src/index.ts
FN:43,(anonymous_1)
FN:44,(anonymous_2)
FN:51,(anonymous_3)
FN:61,(anonymous_4)
FN:66,(anonymous_5)
FNF:5
FNH:1
FNDA:3,(anonymous_1)
FNDA:0,(anonymous_2)
FNDA:0,(anonymous_3)
FNDA:0,(anonymous_4)
FNDA:0,(anonymous_5)
DA:1,3
DA:2,3
DA:3,3
DA:4,3
DA:5,3
DA:6,3
DA:7,3
DA:8,3
DA:10,3
DA:11,3
DA:12,3
DA:13,3
DA:14,3
DA:15,3
DA:18,3
DA:19,0
DA:21,3
DA:24,3
DA:27,3
DA:31,3
DA:34,3
DA:35,3
DA:36,3
DA:37,3
DA:38,3
DA:39,3
DA:42,3
DA:43,3
DA:44,0
DA:47,3
DA:48,3
DA:49,3
DA:51,3
DA:52,0
DA:55,3
DA:60,3
DA:61,3
DA:62,0
DA:64,0
DA:65,0
DA:66,0
DA:67,0
DA:71,3
LF:43
LH:35
BRDA:18,0,0,0
BRDA:18,0,1,3
BRDA:28,1,0,3
BRDA:28,1,1,0
BRDA:47,2,0,3
BRDA:47,2,1,0
BRDA:47,3,0,3
BRDA:47,3,1,3
BRDA:60,4,0,3
BRDA:60,4,1,0
BRDA:64,5,0,0
BRDA:65,6,0,0
BRDA:65,6,1,0
BRF:13
BRH:6
end_of_record
TN:
SF:src/swagger.ts
FNF:0
FNH:0
DA:1,3
DA:3,3
DA:26,3
DA:27,3
LF:4
LH:4
BRF:0
BRH:0
end_of_record
TN:
SF:src/config/jwt.ts
FN:6,(anonymous_1)
FN:10,(anonymous_2)
FN:14,(anonymous_3)
FNF:3
FNH:2
FNDA:14,(anonymous_1)
FNDA:14,(anonymous_2)
FNDA:0,(anonymous_3)
DA:1,3
DA:3,3
DA:4,3
DA:6,3
DA:7,14
DA:10,3
DA:11,14
DA:14,3
DA:15,0
DA:16,0
DA:17,0
DA:19,0
LF:12
LH:8
BRDA:3,0,0,3
BRDA:3,0,1,3
BRDA:4,1,0,3
BRDA:4,1,1,3
BRF:4
BRH:4
end_of_record
TN:
SF:src/controllers/auth.controller.ts
FN:10,(anonymous_8)
FN:10,(anonymous_9)
FN:62,(anonymous_10)
FN:62,(anonymous_11)
FN:95,(anonymous_12)
FN:95,(anonymous_13)
FN:133,(anonymous_14)
FN:133,(anonymous_15)
FNF:8
FNH:4
FNDA:0,(anonymous_8)
FNDA:0,(anonymous_9)
FNDA:14,(anonymous_10)
FNDA:14,(anonymous_11)
FNDA:1,(anonymous_12)
FNDA:1,(anonymous_13)
FNDA:0,(anonymous_14)
FNDA:0,(anonymous_15)
DA:2,3
DA:4,3
DA:5,3
DA:6,3
DA:8,3
DA:10,3
DA:11,0
DA:13,0
DA:14,0
DA:19,0
DA:21,0
DA:22,0
DA:23,0
DA:26,0
DA:28,0
DA:30,0
DA:31,0
DA:41,0
DA:42,0
DA:44,0
DA:57,0
DA:58,0
DA:62,14
DA:63,14
DA:64,14
DA:65,14
DA:66,14
DA:67,1
DA:68,1
DA:71,13
DA:72,13
DA:74,13
DA:75,13
DA:77,13
DA:90,0
DA:91,0
DA:95,3
DA:96,1
DA:98,1
DA:99,1
DA:100,1
DA:101,0
DA:102,0
DA:105,1
DA:106,1
DA:107,0
DA:108,0
DA:111,1
DA:112,1
DA:114,1
DA:128,0
DA:129,0
DA:133,3
DA:134,0
DA:136,0
DA:137,0
DA:138,0
DA:141,0
DA:142,0
DA:144,0
DA:145,0
DA:146,0
DA:149,0
DA:150,0
DA:152,0
DA:153,0
LF:66
LH:29
BRDA:21,0,0,0
BRDA:21,1,0,0
BRDA:21,1,1,0
BRDA:30,2,0,0
BRDA:36,3,0,0
BRDA:36,3,1,0
BRDA:36,4,0,0
BRDA:36,4,1,0
BRDA:36,5,0,0
BRDA:36,5,1,0
BRDA:37,6,0,0
BRDA:37,6,1,0
BRDA:37,7,0,0
BRDA:37,7,1,0
BRDA:37,8,0,0
BRDA:37,8,1,0
BRDA:66,9,0,1
BRDA:100,10,0,0
BRDA:106,11,0,0
BRDA:136,12,0,0
BRDA:144,13,0,0
BRF:21
BRH:1
end_of_record
TN:
SF:src/controllers/comment.controller.ts
FN:6,(anonymous_8)
FN:9,(anonymous_9)
FN:26,(anonymous_10)
FN:29,(anonymous_11)
FN:44,(anonymous_12)
FN:47,(anonymous_13)
FN:59,(anonymous_14)
FN:62,(anonymous_15)
FN:85,(anonymous_16)
FN:88,(anonymous_17)
FNF:10
FNH:10
FNDA:4,(anonymous_8)
FNDA:4,(anonymous_9)
FNDA:1,(anonymous_10)
FNDA:1,(anonymous_11)
FNDA:1,(anonymous_12)
FNDA:1,(anonymous_13)
FNDA:1,(anonymous_14)
FNDA:1,(anonymous_15)
FNDA:1,(anonymous_16)
FNDA:1,(anonymous_17)
DA:4,3
DA:6,3
DA:9,4
DA:10,4
DA:12,4
DA:13,4
DA:19,4
DA:21,0
DA:22,0
DA:26,3
DA:29,1
DA:30,1
DA:32,1
DA:33,1
DA:37,1
DA:39,0
DA:40,0
DA:44,3
DA:47,1
DA:48,1
DA:50,1
DA:51,1
DA:52,1
DA:54,0
DA:55,0
DA:59,3
DA:62,1
DA:63,1
DA:65,1
DA:66,1
DA:67,1
DA:68,0
DA:69,0
DA:72,1
DA:73,0
DA:74,0
DA:77,1
DA:78,1
DA:80,0
DA:81,0
DA:85,3
DA:88,1
DA:89,1
DA:90,1
DA:92,1
DA:93,1
DA:94,1
DA:95,0
DA:96,0
DA:99,1
DA:100,0
DA:101,0
DA:104,1
DA:105,1
DA:107,1
DA:109,0
DA:110,0
LF:57
LH:39
BRDA:67,0,0,0
BRDA:72,1,0,0
BRDA:94,2,0,0
BRDA:99,3,0,0
BRF:4
BRH:0
end_of_record
TN:
SF:src/controllers/post.controller.ts
FN:8,(anonymous_8)
FN:11,(anonymous_9)
FN:40,(anonymous_10)
FN:43,(anonymous_11)
FN:78,(anonymous_12)
FN:78,(anonymous_13)
FN:102,(anonymous_14)
FN:102,(anonymous_15)
FN:173,(anonymous_16)
FN:176,(anonymous_17)
FN:194,(anonymous_18)
FN:200,(anonymous_19)
FN:220,(anonymous_20)
FN:223,(anonymous_21)
FN:242,(anonymous_22)
FNF:15
FNH:14
FNDA:12,(anonymous_8)
FNDA:12,(anonymous_9)
FNDA:1,(anonymous_10)
FNDA:1,(anonymous_11)
FNDA:1,(anonymous_12)
FNDA:1,(anonymous_13)
FNDA:1,(anonymous_14)
FNDA:1,(anonymous_15)
FNDA:2,(anonymous_16)
FNDA:2,(anonymous_17)
FNDA:1,(anonymous_18)
FNDA:1,(anonymous_19)
FNDA:1,(anonymous_20)
FNDA:1,(anonymous_21)
FNDA:0,(anonymous_22)
DA:2,3
DA:3,3
DA:5,3
DA:8,3
DA:11,12
DA:12,12
DA:14,12
DA:15,12
DA:16,12
DA:17,0
DA:18,0
DA:22,12
DA:24,12
DA:32,12
DA:34,0
DA:35,0
DA:40,3
DA:43,1
DA:44,1
DA:45,1
DA:47,1
DA:48,1
DA:49,1
DA:50,0
DA:51,0
DA:54,1
DA:55,0
DA:56,0
DA:59,1
DA:60,1
DA:61,1
DA:64,1
DA:65,0
DA:66,0
DA:69,1
DA:70,1
DA:72,0
DA:73,0
DA:78,3
DA:79,1
DA:81,1
DA:82,1
DA:83,1
DA:84,0
DA:85,0
DA:88,1
DA:89,0
DA:90,0
DA:93,1
DA:94,1
DA:96,0
DA:97,0
DA:102,3
DA:103,1
DA:104,1
DA:106,1
DA:107,1
DA:108,1
DA:110,1
DA:112,1
DA:113,0
DA:116,1
DA:117,0
DA:120,1
DA:158,1
DA:160,1
DA:167,0
DA:168,0
DA:173,3
DA:176,2
DA:177,2
DA:178,2
DA:180,2
DA:181,0
DA:182,0
DA:185,2
DA:187,2
DA:188,2
DA:189,2
DA:190,0
DA:191,0
DA:194,2
DA:195,1
DA:198,2
DA:199,1
DA:200,1
DA:203,1
DA:206,2
DA:208,2
DA:213,0
DA:214,0
DA:220,3
DA:223,1
DA:224,1
DA:225,1
DA:227,1
DA:228,1
DA:231,1
DA:232,0
DA:233,0
DA:236,1
DA:240,1
DA:242,0
DA:246,1
DA:254,0
DA:255,0
LF:106
LH:73
BRDA:16,0,0,0
BRDA:22,1,0,1
BRDA:22,1,1,11
BRDA:29,2,0,1
BRDA:29,2,1,11
BRDA:49,3,0,0
BRDA:54,4,0,0
BRDA:59,5,0,1
BRDA:59,5,1,1
BRDA:60,6,0,1
BRDA:60,6,1,0
BRDA:61,7,0,1
BRDA:61,7,1,0
BRDA:64,8,0,0
BRDA:83,9,0,0
BRDA:88,10,0,0
BRDA:104,11,0,0
BRDA:104,12,0,0
BRDA:112,13,0,0
BRDA:116,14,0,0
BRDA:180,15,0,0
BRDA:189,16,0,0
BRDA:198,17,0,1
BRDA:198,17,1,1
BRDA:231,18,0,0
BRDA:240,19,0,1
BRDA:240,19,1,0
BRF:27
BRH:11
end_of_record
TN:
SF:src/controllers/user.controller.ts
FN:9,(anonymous_8)
FN:9,(anonymous_9)
FN:43,(anonymous_10)
FN:46,(anonymous_11)
FN:63,(anonymous_12)
FN:66,(anonymous_13)
FNF:6
FNH:0
FNDA:0,(anonymous_8)
FNDA:0,(anonymous_9)
FNDA:0,(anonymous_10)
FNDA:0,(anonymous_11)
FNDA:0,(anonymous_12)
FNDA:0,(anonymous_13)
DA:2,3
DA:3,3
DA:6,3
DA:9,3
DA:10,0
DA:11,0
DA:12,0
DA:13,0
DA:14,0
DA:15,0
DA:16,0
DA:17,0
DA:20,0
DA:22,0
DA:30,0
DA:31,0
DA:34,0
DA:36,0
DA:39,0
DA:43,3
DA:46,0
DA:47,0
DA:49,0
DA:50,0
DA:51,0
DA:52,0
DA:53,0
DA:56,0
DA:58,0
DA:59,0
DA:63,3
DA:66,0
DA:67,0
DA:70,0
DA:71,0
DA:72,0
DA:75,0
DA:76,0
DA:78,0
DA:79,0
DA:89,0
DA:90,0
DA:91,0
DA:94,0
DA:96,0
DA:97,0
LF:46
LH:6
BRDA:15,0,0,0
BRDA:51,1,0,0
BRDA:70,2,0,0
BRDA:76,3,0,0
BRDA:76,3,1,0
BRDA:82,4,0,0
BRDA:82,4,1,0
BRDA:83,5,0,0
BRDA:83,5,1,0
BRDA:84,6,0,0
BRDA:84,6,1,0
BRDA:89,7,0,0
BRF:12
BRH:0
end_of_record
TN:
SF:src/middleware/auth.middleware.ts
FN:10,(anonymous_1)
FNF:1
FNH:1
FNDA:24,(anonymous_1)
DA:2,3
DA:4,3
DA:10,3
DA:15,24
DA:17,24
DA:19,24
DA:20,0
DA:21,0
DA:24,24
DA:25,24
DA:26,24
DA:27,24
DA:29,0
LF:13
LH:10
BRDA:4,0,0,3
BRDA:4,0,1,3
BRDA:17,1,0,24
BRDA:17,1,1,24
BRDA:19,2,0,0
BRF:5
BRH:4
end_of_record
TN:
SF:src/middleware/upload.middleware.ts
FN:5,(anonymous_1)
FN:8,(anonymous_2)
FNF:2
FNH:2
FNDA:1,(anonymous_1)
FNDA:1,(anonymous_2)
DA:1,3
DA:2,3
DA:4,3
DA:6,1
DA:9,1
DA:10,1
DA:14,3
DA:16,3
LF:8
LH:8
BRF:0
BRH:0
end_of_record
TN:
SF:src/models/Comment.ts
FNF:0
FNH:0
DA:1,3
DA:3,3
DA:20,3
DA:21,3
LF:4
LH:4
BRF:0
BRH:0
end_of_record
TN:
SF:src/models/Post.ts
FNF:0
FNH:0
DA:1,3
DA:3,3
DA:43,3
DA:44,3
LF:4
LH:4
BRF:0
BRH:0
end_of_record
TN:
SF:src/models/User.ts
FNF:0
FNH:0
DA:1,3
DA:3,3
DA:12,3
DA:13,3
LF:4
LH:4
BRF:0
BRH:0
end_of_record
TN:
SF:src/routes/auth.routes.ts
FNF:0
FNH:0
DA:1,3
DA:2,3
DA:4,3
DA:58,3
DA:96,3
DA:121,3
DA:122,3
DA:124,3
LF:8
LH:8
BRF:0
BRH:0
end_of_record
TN:
SF:src/routes/comment.routes.ts
FNF:0
FNH:0
DA:1,3
DA:2,3
DA:9,3
DA:11,3
DA:49,3
DA:70,3
DA:89,3
DA:114,3
DA:150,3
DA:152,3
LF:10
LH:10
BRF:0
BRH:0
end_of_record
TN:
SF:src/routes/post.routes.ts
FNF:0
FNH:0
DA:1,3
DA:2,3
DA:10,3
DA:11,3
DA:13,3
DA:53,3
DA:84,3
DA:125,3
DA:149,3
DA:171,3
DA:193,3
DA:196,3
LF:12
LH:12
BRF:0
BRH:0
end_of_record
TN:
SF:src/routes/user.routes.ts
FNF:0
FNH:0
DA:1,3
DA:2,3
DA:7,3
DA:8,3
DA:10,3
DA:64,3
DA:87,3
DA:123,3
DA:131,3
LF:9
LH:9
BRF:0
BRH:0
end_of_record
